<?xml version="1.0" encoding="utf-8"?><testsuites name="pytest tests"><testsuite name="pytest" errors="0" failures="0" skipped="0" tests="17" time="71.869" timestamp="2026-05-22T06:36:33.885478+00:00" hostname="agent-env-a4e970e9-411e-462a-9f46-65a0d641b5aa"><testcase classname="backend.tests.test_phase1_api.TestAgents" name="test_list_agents_order_and_shape" time="0.005" /><testcase classname="backend.tests.test_phase1_api.TestStoreStats" name="test_store_stats" time="0.044" /><testcase classname="backend.tests.test_phase1_api.TestIntelligence" name="test_list_cards_sorted" time="0.045" /><testcase classname="backend.tests.test_phase1_api.TestIntelligence" name="test_refresh_card" time="0.051" /><testcase classname="backend.tests.test_phase1_api.TestReports" name="test_list_reports" time="0.044" /><testcase classname="backend.tests.test_phase1_api.TestTasks" name="test_counts" time="0.134" /><testcase classname="backend.tests.test_phase1_api.TestTasks" name="test_filter_awaiting" time="0.082" /><testcase classname="backend.tests.test_phase1_api.TestTasks" name="test_approve_then_status_completed" time="0.046" /><testcase classname="backend.tests.test_phase1_api.TestTasks" name="test_reject_moves_to_completed" time="0.087" /><testcase classname="backend.tests.test_phase1_api.TestLlmAdmin" name="test_models_list_and_default" time="0.043" /><testcase classname="backend.tests.test_phase1_api.TestLlmAdmin" name="test_set_default_then_reset" time="0.170" /><testcase classname="backend.tests.test_phase1_api.TestLlmAdmin" name="test_invalid_model_400" time="0.043" /><testcase classname="backend.tests.test_phase1_api.TestConversations" name="test_create_seeded_routes_to_dev_with_flow_brief" time="25.988" /><testcase classname="backend.tests.test_phase1_api.TestConversations" name="test_generate_artefact" time="23.789" /><testcase classname="backend.tests.test_phase1_api.TestConversations" name="test_list_and_get_conversation" time="0.087" /><testcase classname="backend.tests.test_phase1_api.TestConversations" name="test_followup_routes_to_meera" time="21.056" /><testcase classname="backend.tests.test_phase1_api.TestOpenAPI" name="test_openapi_lists_new_endpoints" time="0.049" /></testsuite></testsuites>