<?xml version="1.0" encoding="utf-8"?><testsuites name="pytest tests"><testsuite name="pytest" errors="0" failures="0" skipped="0" tests="12" time="70.503" timestamp="2026-05-22T07:41:35.907284+00:00" hostname="agent-env-a4e970e9-411e-462a-9f46-65a0d641b5aa"><testcase classname="backend.tests.test_phase2_flows.TestFlowList" name="test_list_returns_4_flows" time="0.174" /><testcase classname="backend.tests.test_phase2_flows.TestFlowList" name="test_cart_recovery_detail" time="0.052" /><testcase classname="backend.tests.test_phase2_flows.TestFlowList" name="test_get_nonexistent_returns_404" time="0.052" /><testcase classname="backend.tests.test_phase2_flows.TestFlowCRUDLifecycle" name="test_full_lifecycle" time="0.325" /><testcase classname="backend.tests.test_phase2_flows.TestFlowCRUDLifecycle" name="test_update_review_req" time="0.098" /><testcase classname="backend.tests.test_phase2_flows.TestFlowCRUDLifecycle" name="test_reseed_restores_4" time="0.112" /><testcase classname="backend.tests.test_phase2_flows.TestFlowLLM" name="test_conversation_autocreate" time="0.052" /><testcase classname="backend.tests.test_phase2_flows.TestFlowLLM" name="test_send_flow_message_adds_node" time="9.948" /><testcase classname="backend.tests.test_phase2_flows.TestFlowLLM" name="test_ai_modify_endpoint" time="17.722" /><testcase classname="backend.tests.test_phase2_flows.TestFromBriefHandoff" name="test_create_from_brief_id" time="41.739" /><testcase classname="backend.tests.test_phase2_flows.TestFromBriefHandoff" name="test_from_brief_id_400_when_no_artefact" time="0.098" /><testcase classname="backend.tests.test_phase2_flows.TestOpenAPI" name="test_endpoints_listed" time="0.059" /></testsuite></testsuites>