<?xml version="1.0" encoding="utf-8"?><testsuites name="pytest tests"><testsuite name="pytest" errors="0" failures="0" skipped="0" tests="6" time="0.718" timestamp="2026-05-22T05:48:13.614301+00:00" hostname="agent-env-a4e970e9-411e-462a-9f46-65a0d641b5aa"><testcase classname="backend.tests.test_phase0_api.TestHealth" name="test_health_returns_200_and_status_ok" time="0.277" /><testcase classname="backend.tests.test_phase0_api.TestMe" name="test_me_returns_200" time="0.063" /><testcase classname="backend.tests.test_phase0_api.TestMe" name="test_me_payload_shape_and_values" time="0.064" /><testcase classname="backend.tests.test_phase0_api.TestOpenAPI" name="test_openapi_under_api_prefix" time="0.068" /><testcase classname="backend.tests.test_phase0_api.TestCORS" name="test_cors_header_present_on_get" time="0.063" /><testcase classname="backend.tests.test_phase0_api.TestCORS" name="test_cors_preflight" time="0.016" /></testsuite></testsuites>